<?xml version="1.0" encoding="UTF-8"?>
<!-- Generated by org.testng.reporters.JUnitReportReporter -->
<testsuite hostname="kamalShaheen" failures="0" tests="3" name="KamalProject.tests.AppTest" time="39.498" errors="0" timestamp="2022-08-30T18:01:34 IDT" skipped="0">
  <testcase classname="KamalProject.tests.AppTest" name="orderHistoryTest" time="13.293"/>
  <system-out/>
  <testcase classname="KamalProject.tests.AppTest" name="submitOrder" time="12.492"/>
  <system-out/>
  <testcase classname="KamalProject.tests.AppTest" name="submitOrder" time="13.713"/>
  <system-out/>
</testsuite> <!-- KamalProject.tests.AppTest -->
