<?xml version="1.0" encoding="UTF-8"?>
<!-- Generated by org.testng.reporters.JUnitReportReporter -->
<testsuite hostname="kamalShaheen" failures="0" tests="1" name="Cucumber.TestNGTestRunner" time="36.158" errors="0" timestamp="2022-08-31T14:45:28 IDT" skipped="0">
  <testcase classname="Cucumber.TestNGTestRunner" name="runScenario" time="36.158"/>
  <system-out/>
</testsuite> <!-- Cucumber.TestNGTestRunner -->
