<?xml version="1.0" encoding="UTF-8"?>
<!-- Generated by org.testng.reporters.JUnitReportReporter -->
<testsuite hostname="kamalShaheen" failures="0" tests="3" name="KamalProject.tests.AppTest" time="49.400" errors="0" timestamp="2022-08-31T09:48:39 IDT" skipped="0">
  <testcase classname="KamalProject.tests.AppTest" name="orderHistoryTest" time="8.651"/>
  <system-out/>
  <testcase classname="KamalProject.tests.AppTest" name="submitOrder" time="27.477"/>
  <system-out/>
  <testcase classname="KamalProject.tests.AppTest" name="submitOrder" time="13.272"/>
  <system-out/>
</testsuite> <!-- KamalProject.tests.AppTest -->
