<?xml version="1.0" encoding="UTF-8"?>
<!-- Generated by org.testng.reporters.JUnitReportReporter -->
<testsuite hostname="kamalShaheen" failures="0" tests="3" name="KamalProject.tests.ErrorValidations" time="55.153" errors="0" timestamp="2022-08-31T09:48:39 IDT" skipped="1">
  <testcase classname="KamalProject.tests.ErrorValidations" name="productErrorVaildation" time="36.793">
    <skipped/>
  </testcase> <!-- productErrorVaildation -->
  <system-out/>
  <testcase classname="KamalProject.tests.ErrorValidations" name="productErrorVaildation" time="9.770"/>
  <system-out/>
  <testcase classname="KamalProject.tests.ErrorValidations" name="LoginErrorVaildation" time="8.590"/>
  <system-out/>
</testsuite> <!-- KamalProject.tests.ErrorValidations -->
